<?xml version="1.0" encoding="UTF-8"?>
<!-- Generated by org.testng.reporters.JUnitReportReporter -->
<testsuite hostname="DESKTOP-4IDR9O8" failures="0" tests="1" name="de.blange.ShopLoginTest" time="5.633" errors="0" timestamp="2023-07-02T11:49:13 MESZ" skipped="0">
  <testcase classname="de.blange.ShopLoginTest" name="login" time="5.633"/>
  <system-out/>
</testsuite> <!-- de.blange.ShopLoginTest -->
