<?xml version="1.0" encoding="UTF-8"?>
<!-- Generated by org.testng.reporters.JUnitReportReporter -->
<testsuite hostname="DESKTOP-4IDR9O8" failures="0" tests="1" name="de.blange.OrderCompleteTest" time="9.794" errors="0" timestamp="2023-07-02T11:49:13 MESZ" skipped="0">
  <testcase classname="de.blange.OrderCompleteTest" name="endToEndTest" time="9.794"/>
  <system-out/>
</testsuite> <!-- de.blange.OrderCompleteTest -->
